build/intermediates/manifest_merge_blame_file/debug/manifest-merger-blame-debug-report.txt
1<?xml version="1.0" encoding="utf-8"?>
2<manifest xmlns:android="http://schemas.android.com/apk/res/android"
3    package="com.example.salesapplication"
4    android:versionCode="1"
5    android:versionName="1.0" >
6
7    <uses-sdk
8        android:minSdkVersion="25"
8-->src/main/AndroidManifest.xml
9        android:targetSdkVersion="29" />
9-->src/main/AndroidManifest.xml
10
11    <application
11-->src/main/AndroidManifest.xml:5:5-32:19
12        android:allowBackup="true"
12-->src/main/AndroidManifest.xml:6:9-35
13        android:appComponentFactory="androidx.core.app.CoreComponentFactory"
13-->[androidx.core:core:1.1.0] AndroidManifest.xml:24:18-86
14        android:debuggable="true"
15        android:icon="@mipmap/ic_launcher"
15-->src/main/AndroidManifest.xml:7:9-43
16        android:label="Inventory and Sales Manager"
16-->src/main/AndroidManifest.xml:8:9-52
17        android:roundIcon="@mipmap/ic_launcher_round"
17-->src/main/AndroidManifest.xml:9:9-54
18        android:supportsRtl="true"
18-->src/main/AndroidManifest.xml:10:9-35
19        android:testOnly="true"
20        android:theme="@style/AppTheme" >
20-->src/main/AndroidManifest.xml:11:9-40
21        <activity
21-->src/main/AndroidManifest.xml:12:9-14:82
22            android:name="com.Application.View.Admin.AdminOptionsView"
22-->src/main/AndroidManifest.xml:13:13-71
23            android:label="@string/title_activity_admin_options_view" />
23-->src/main/AndroidManifest.xml:14:13-70
24        <activity android:name="com.Application.View.Customer.CustomerCartView" />
24-->src/main/AndroidManifest.xml:15:9-83
24-->src/main/AndroidManifest.xml:15:19-80
25        <activity android:name="com.Application.View.Customer.CustomerShoppingView" />
25-->src/main/AndroidManifest.xml:16:9-87
25-->src/main/AndroidManifest.xml:16:19-84
26        <activity android:name="com.Application.View.Customer.CustomerHomeView" />
26-->src/main/AndroidManifest.xml:17:9-83
26-->src/main/AndroidManifest.xml:17:19-80
27        <activity android:name="com.Application.View.Employee.MainActivity" />
27-->src/main/AndroidManifest.xml:18:9-79
27-->src/main/AndroidManifest.xml:18:19-76
28        <activity
28-->src/main/AndroidManifest.xml:19:9-22:59
29            android:name="com.Application.View.Employee.EmployeeOptionsView"
29-->src/main/AndroidManifest.xml:20:13-77
30            android:label="@string/title_activity_employee_options"
30-->src/main/AndroidManifest.xml:21:13-68
31            android:theme="@style/AppTheme.NoActionBar" />
31-->src/main/AndroidManifest.xml:22:13-56
32        <activity android:name="com.Application.View.MainLoginView" />
32-->src/main/AndroidManifest.xml:23:9-71
32-->src/main/AndroidManifest.xml:23:19-68
33        <activity android:name="com.Application.View.InitialEmployeeSignupView" />
33-->src/main/AndroidManifest.xml:24:9-83
33-->src/main/AndroidManifest.xml:24:19-80
34        <activity android:name="com.Application.View.InitialAdminSignupView" >
34-->src/main/AndroidManifest.xml:25:9-31:20
34-->src/main/AndroidManifest.xml:25:19-77
35            <intent-filter>
35-->src/main/AndroidManifest.xml:26:13-30:29
36                <action android:name="android.intent.action.MAIN" />
36-->src/main/AndroidManifest.xml:27:17-69
36-->src/main/AndroidManifest.xml:27:25-66
37
38                <category android:name="android.intent.category.LAUNCHER" />
38-->src/main/AndroidManifest.xml:29:17-77
38-->src/main/AndroidManifest.xml:29:27-74
39            </intent-filter>
40        </activity>
41
42        <provider
42-->[androidx.lifecycle:lifecycle-process:2.1.0] AndroidManifest.xml:23:9-27:43
43            android:name="androidx.lifecycle.ProcessLifecycleOwnerInitializer"
43-->[androidx.lifecycle:lifecycle-process:2.1.0] AndroidManifest.xml:24:13-79
44            android:authorities="com.example.salesapplication.lifecycle-process"
44-->[androidx.lifecycle:lifecycle-process:2.1.0] AndroidManifest.xml:25:13-69
45            android:exported="false"
45-->[androidx.lifecycle:lifecycle-process:2.1.0] AndroidManifest.xml:26:13-37
46            android:multiprocess="true" />
46-->[androidx.lifecycle:lifecycle-process:2.1.0] AndroidManifest.xml:27:13-40
47    </application>
48
49</manifest>